<?xml version="1.0" encoding="UTF-8"?>
<!-- Generated by org.testng.reporters.JUnitXMLReporter -->
<testsuite ignored="2" hostname="Emir-TOSH" failures="0" tests="0" time="0.027" errors="0" timestamp="2022-12-23T13:43:00 CET">
  <testcase classname="EmirSeho.tests.ErrorValidationsTestEmirSeho" name="ProductErrorValidation" time="0.0">
    <ignored/>
  </testcase> <!-- ProductErrorValidation -->
  <testcase classname="EmirSeho.tests.ErrorValidationsTestEmirSeho" name="LoginErrorValidation" time="0.0">
    <ignored/>
  </testcase> <!-- LoginErrorValidation -->
</testsuite>
