<?xml version="1.0" encoding="UTF-8"?>
<!-- Generated by org.testng.reporters.JUnitXMLReporter -->
<testsuite ignored="0" hostname="Emir-TOSH" failures="0" tests="3" name="Submit Order Test" time="45.678" errors="0" timestamp="2022-12-23T13:43:45 CET">
  <testcase classname="EmirSeho.tests.SubmitOrderTestEmirSeho" name="submitOrder" time="4.722"/>
  <testcase classname="EmirSeho.tests.SubmitOrderTestEmirSeho" name="submitOrder" time="4.831"/>
  <testcase classname="EmirSeho.tests.SubmitOrderTestEmirSeho" name="OrderHistoryTest" time="1.503"/>
</testsuite> <!-- Submit Order Test -->
