<?xml version="1.0" encoding="UTF-8"?>
<testng-results ignored="2" total="5" passed="3" failed="0" skipped="0">
  <reporter-output>
  </reporter-output>
  <suite started-at="2022-12-23T13:43:00 CET" name="Suite" finished-at="2022-12-23T13:43:45 CET" duration-ms="45678">
    <groups>
      <group name="Purchase">
        <method signature="SubmitOrderTestEmirSeho.submitOrder(java.util.HashMap)[pri:0, instance:EmirSeho.tests.SubmitOrderTestEmirSeho@26d9b808]" name="submitOrder" class="EmirSeho.tests.SubmitOrderTestEmirSeho"/>
        <method signature="SubmitOrderTestEmirSeho.OrderHistoryTest()[pri:0, instance:EmirSeho.tests.SubmitOrderTestEmirSeho@26d9b808]" name="OrderHistoryTest" class="EmirSeho.tests.SubmitOrderTestEmirSeho"/>
      </group> <!-- Purchase -->
    </groups>
    <test started-at="2022-12-23T13:43:00 CET" name="Error Validations Test" finished-at="2022-12-23T13:43:00 CET" duration-ms="27">
    </test> <!-- Error Validations Test -->
    <test started-at="2022-12-23T13:43:00 CET" name="Submit Order Test" finished-at="2022-12-23T13:43:45 CET" duration-ms="45678">
      <class name="EmirSeho.tests.SubmitOrderTestEmirSeho">
        <test-method is-config="true" signature="launchApplication()[pri:0, instance:EmirSeho.tests.SubmitOrderTestEmirSeho@26d9b808]" started-at="2022-12-23T13:43:00 CET" name="launchApplication" finished-at="2022-12-23T13:43:10 CET" duration-ms="9753" status="PASS">
          <reporter-output>
          </reporter-output>
        </test-method> <!-- launchApplication -->
        <test-method signature="submitOrder(java.util.HashMap)[pri:0, instance:EmirSeho.tests.SubmitOrderTestEmirSeho@26d9b808]" started-at="2022-12-23T13:43:10 CET" name="submitOrder" data-provider="getData" finished-at="2022-12-23T13:43:15 CET" duration-ms="4722" status="PASS">
          <params>
            <param index="0">
              <value>
                <![CDATA[{password=Verysecureone1, product=ZARA COAT 3, email=sehoemir@gmail.com}]]>
              </value>
            </param>
          </params>
          <reporter-output>
          </reporter-output>
        </test-method> <!-- submitOrder -->
        <test-method is-config="true" signature="launchApplication()[pri:0, instance:EmirSeho.tests.SubmitOrderTestEmirSeho@26d9b808]" started-at="2022-12-23T13:43:15 CET" name="launchApplication" finished-at="2022-12-23T13:43:23 CET" duration-ms="8117" status="PASS">
          <reporter-output>
          </reporter-output>
        </test-method> <!-- launchApplication -->
        <test-method signature="submitOrder(java.util.HashMap)[pri:0, instance:EmirSeho.tests.SubmitOrderTestEmirSeho@26d9b808]" started-at="2022-12-23T13:43:23 CET" name="submitOrder" data-provider="getData" finished-at="2022-12-23T13:43:28 CET" duration-ms="4831" status="PASS">
          <params>
            <param index="0">
              <value>
                <![CDATA[{password=Yetanotherone6, product=ADIDAS ORIGINAL, email=emirseho@gmail.com}]]>
              </value>
            </param>
          </params>
          <reporter-output>
          </reporter-output>
        </test-method> <!-- submitOrder -->
        <test-method is-config="true" signature="launchApplication()[pri:0, instance:EmirSeho.tests.SubmitOrderTestEmirSeho@26d9b808]" started-at="2022-12-23T13:43:28 CET" name="launchApplication" finished-at="2022-12-23T13:43:44 CET" duration-ms="16159" status="PASS">
          <reporter-output>
          </reporter-output>
        </test-method> <!-- launchApplication -->
        <test-method signature="OrderHistoryTest()[pri:0, instance:EmirSeho.tests.SubmitOrderTestEmirSeho@26d9b808]" started-at="2022-12-23T13:43:44 CET" name="OrderHistoryTest" finished-at="2022-12-23T13:43:45 CET" depends-on-methods="EmirSeho.tests.SubmitOrderTestEmirSeho.submitOrder" duration-ms="1503" status="PASS">
          <reporter-output>
          </reporter-output>
        </test-method> <!-- OrderHistoryTest -->
      </class> <!-- EmirSeho.tests.SubmitOrderTestEmirSeho -->
    </test> <!-- Submit Order Test -->
  </suite> <!-- Suite -->
</testng-results>
